Navigated to http://localhost:3000/
react-dom.development.js:29840 Download the React DevTools for a better development experience: https://reactjs.org/link/react-devtools
react-dom.development.js:86 Warning: Expected server HTML to contain a matching <head> in <html>.
    at head
    at html
    at App
    at RemixRoute (http://localhost:3000/build/_shared/chunk-NQ5VX6CG.js:4177:3)
    at RenderedRoute (http://localhost:3000/build/_shared/chunk-NQ5VX6CG.js:2608:5)
    at RenderErrorBoundary (http://localhost:3000/build/_shared/chunk-NQ5VX6CG.js:2958:9)
    at Routes (http://localhost:3000/build/_shared/chunk-NQ5VX6CG.js:2831:5)
    at Router (http://localhost:3000/build/_shared/chunk-NQ5VX6CG.js:2778:15)
    at RouterProvider (http://localhost:3000/build/_shared/chunk-NQ5VX6CG.js:2729:5)
    at RemixErrorBoundary (http://localhost:3000/build/_shared/chunk-NQ5VX6CG.js:3805:5)
    at RemixBrowser (http://localhost:3000/build/_shared/chunk-NQ5VX6CG.js:5101:55)
printWarning @ entry.client-EBCX7CGK.js:524
error @ entry.client-EBCX7CGK.js:508
warnForInsertedHydratedElement @ entry.client-EBCX7CGK.js:7658
didNotFindHydratableInstance @ entry.client-EBCX7CGK.js:8400
warnNonhydratedInstance @ entry.client-EBCX7CGK.js:9030
tryToClaimNextHydratableInstance @ entry.client-EBCX7CGK.js:9152
updateHostComponent @ entry.client-EBCX7CGK.js:14365
beginWork @ entry.client-EBCX7CGK.js:15471
beginWork$1 @ entry.client-EBCX7CGK.js:19251
performUnitOfWork @ entry.client-EBCX7CGK.js:18699
workLoopConcurrent @ entry.client-EBCX7CGK.js:18687
renderRootConcurrent @ entry.client-EBCX7CGK.js:18662
performConcurrentWorkOnRoot @ entry.client-EBCX7CGK.js:18178
workLoop @ entry.client-EBCX7CGK.js:200
flushWork @ entry.client-EBCX7CGK.js:179
performWorkUntilDeadline @ entry.client-EBCX7CGK.js:387
entry.client-EBCX7CGK.js:9132 Uncaught Error: Hydration failed because the initial UI does not match what was rendered on the server.
    at throwOnHydrationMismatch (entry.client-EBCX7CGK.js:9132:17)
    at tryToClaimNextHydratableInstance (entry.client-EBCX7CGK.js:9153:15)
    at updateHostComponent (entry.client-EBCX7CGK.js:14365:13)
    at beginWork (entry.client-EBCX7CGK.js:15471:22)
    at HTMLUnknownElement.callCallback2 (entry.client-EBCX7CGK.js:3578:22)
    at Object.invokeGuardedCallbackDev (entry.client-EBCX7CGK.js:3603:24)
    at invokeGuardedCallback (entry.client-EBCX7CGK.js:3637:39)
    at beginWork$1 (entry.client-EBCX7CGK.js:19263:15)
    at performUnitOfWork (entry.client-EBCX7CGK.js:18699:20)
    at workLoopConcurrent (entry.client-EBCX7CGK.js:18687:13)
throwOnHydrationMismatch @ entry.client-EBCX7CGK.js:9132
tryToClaimNextHydratableInstance @ entry.client-EBCX7CGK.js:9153
updateHostComponent @ entry.client-EBCX7CGK.js:14365
beginWork @ entry.client-EBCX7CGK.js:15471
callCallback2 @ entry.client-EBCX7CGK.js:3578
invokeGuardedCallbackDev @ entry.client-EBCX7CGK.js:3603
invokeGuardedCallback @ entry.client-EBCX7CGK.js:3637
beginWork$1 @ entry.client-EBCX7CGK.js:19263
performUnitOfWork @ entry.client-EBCX7CGK.js:18699
workLoopConcurrent @ entry.client-EBCX7CGK.js:18687
renderRootConcurrent @ entry.client-EBCX7CGK.js:18662
performConcurrentWorkOnRoot @ entry.client-EBCX7CGK.js:18178
workLoop @ entry.client-EBCX7CGK.js:200
flushWork @ entry.client-EBCX7CGK.js:179
performWorkUntilDeadline @ entry.client-EBCX7CGK.js:387
errorBoundaries.js:70 Error: Hydration failed because the initial UI does not match what was rendered on the server.
    at throwOnHydrationMismatch (entry.client-EBCX7CGK.js:9132:17)
    at tryToClaimNextHydratableInstance (entry.client-EBCX7CGK.js:9153:15)
    at updateHostComponent (entry.client-EBCX7CGK.js:14365:13)
    at beginWork (entry.client-EBCX7CGK.js:15471:22)
    at beginWork$1 (entry.client-EBCX7CGK.js:19251:22)
    at performUnitOfWork (entry.client-EBCX7CGK.js:18699:20)
    at workLoopConcurrent (entry.client-EBCX7CGK.js:18687:13)
    at renderRootConcurrent (entry.client-EBCX7CGK.js:18662:15)
    at performConcurrentWorkOnRoot (entry.client-EBCX7CGK.js:18178:46)
    at workLoop (entry.client-EBCX7CGK.js:200:42)
RemixRootDefaultErrorBoundary @ chunk-NQ5VX6CG.js:3841
renderWithHooks @ entry.client-EBCX7CGK.js:11766
mountIndeterminateComponent @ entry.client-EBCX7CGK.js:14495
beginWork @ entry.client-EBCX7CGK.js:15450
beginWork$1 @ entry.client-EBCX7CGK.js:19251
performUnitOfWork @ entry.client-EBCX7CGK.js:18699
workLoopConcurrent @ entry.client-EBCX7CGK.js:18687
renderRootConcurrent @ entry.client-EBCX7CGK.js:18662
performConcurrentWorkOnRoot @ entry.client-EBCX7CGK.js:18178
workLoop @ entry.client-EBCX7CGK.js:200
flushWork @ entry.client-EBCX7CGK.js:179
performWorkUntilDeadline @ entry.client-EBCX7CGK.js:387
errorBoundaries.js:70 Error: Hydration failed because the initial UI does not match what was rendered on the server.
    at throwOnHydrationMismatch (entry.client-EBCX7CGK.js:9132:17)
    at tryToClaimNextHydratableInstance (entry.client-EBCX7CGK.js:9153:15)
    at updateHostComponent (entry.client-EBCX7CGK.js:14365:13)
    at beginWork (entry.client-EBCX7CGK.js:15471:22)
    at beginWork$1 (entry.client-EBCX7CGK.js:19251:22)
    at performUnitOfWork (entry.client-EBCX7CGK.js:18699:20)
    at workLoopConcurrent (entry.client-EBCX7CGK.js:18687:13)
    at renderRootConcurrent (entry.client-EBCX7CGK.js:18662:15)
    at performConcurrentWorkOnRoot (entry.client-EBCX7CGK.js:18178:46)
    at workLoop (entry.client-EBCX7CGK.js:200:42)
RemixRootDefaultErrorBoundary @ chunk-NQ5VX6CG.js:3841
renderWithHooks @ entry.client-EBCX7CGK.js:11766
mountIndeterminateComponent @ entry.client-EBCX7CGK.js:14541
beginWork @ entry.client-EBCX7CGK.js:15450
beginWork$1 @ entry.client-EBCX7CGK.js:19251
performUnitOfWork @ entry.client-EBCX7CGK.js:18699
workLoopConcurrent @ entry.client-EBCX7CGK.js:18687
renderRootConcurrent @ entry.client-EBCX7CGK.js:18662
performConcurrentWorkOnRoot @ entry.client-EBCX7CGK.js:18178
workLoop @ entry.client-EBCX7CGK.js:200
flushWork @ entry.client-EBCX7CGK.js:179
performWorkUntilDeadline @ entry.client-EBCX7CGK.js:387
errorBoundaries.js:70 Error: Hydration failed because the initial UI does not match what was rendered on the server.
    at throwOnHydrationMismatch (entry.client-EBCX7CGK.js:9132:17)
    at tryToClaimNextHydratableInstance (entry.client-EBCX7CGK.js:9153:15)
    at updateHostComponent (entry.client-EBCX7CGK.js:14365:13)
    at beginWork (entry.client-EBCX7CGK.js:15471:22)
    at beginWork$1 (entry.client-EBCX7CGK.js:19251:22)
    at performUnitOfWork (entry.client-EBCX7CGK.js:18699:20)
    at workLoopConcurrent (entry.client-EBCX7CGK.js:18687:13)
    at renderRootConcurrent (entry.client-EBCX7CGK.js:18662:15)
    at performConcurrentWorkOnRoot (entry.client-EBCX7CGK.js:18178:46)
    at workLoop (entry.client-EBCX7CGK.js:200:42)
RemixRootDefaultErrorBoundary @ chunk-NQ5VX6CG.js:3841
renderWithHooks @ entry.client-EBCX7CGK.js:11766
mountIndeterminateComponent @ entry.client-EBCX7CGK.js:14495
beginWork @ entry.client-EBCX7CGK.js:15450
beginWork$1 @ entry.client-EBCX7CGK.js:19251
performUnitOfWork @ entry.client-EBCX7CGK.js:18699
workLoopConcurrent @ entry.client-EBCX7CGK.js:18687
renderRootConcurrent @ entry.client-EBCX7CGK.js:18662
performConcurrentWorkOnRoot @ entry.client-EBCX7CGK.js:18178
workLoop @ entry.client-EBCX7CGK.js:200
flushWork @ entry.client-EBCX7CGK.js:179
performWorkUntilDeadline @ entry.client-EBCX7CGK.js:387
errorBoundaries.js:70 Error: Hydration failed because the initial UI does not match what was rendered on the server.
    at throwOnHydrationMismatch (entry.client-EBCX7CGK.js:9132:17)
    at tryToClaimNextHydratableInstance (entry.client-EBCX7CGK.js:9153:15)
    at updateHostComponent (entry.client-EBCX7CGK.js:14365:13)
    at beginWork (entry.client-EBCX7CGK.js:15471:22)
    at beginWork$1 (entry.client-EBCX7CGK.js:19251:22)
    at performUnitOfWork (entry.client-EBCX7CGK.js:18699:20)
    at workLoopConcurrent (entry.client-EBCX7CGK.js:18687:13)
    at renderRootConcurrent (entry.client-EBCX7CGK.js:18662:15)
    at performConcurrentWorkOnRoot (entry.client-EBCX7CGK.js:18178:46)
    at workLoop (entry.client-EBCX7CGK.js:200:42)
RemixRootDefaultErrorBoundary @ chunk-NQ5VX6CG.js:3841
renderWithHooks @ entry.client-EBCX7CGK.js:11766
mountIndeterminateComponent @ entry.client-EBCX7CGK.js:14541
beginWork @ entry.client-EBCX7CGK.js:15450
beginWork$1 @ entry.client-EBCX7CGK.js:19251
performUnitOfWork @ entry.client-EBCX7CGK.js:18699
workLoopConcurrent @ entry.client-EBCX7CGK.js:18687
renderRootConcurrent @ entry.client-EBCX7CGK.js:18662
performConcurrentWorkOnRoot @ entry.client-EBCX7CGK.js:18178
workLoop @ entry.client-EBCX7CGK.js:200
flushWork @ entry.client-EBCX7CGK.js:179
performWorkUntilDeadline @ entry.client-EBCX7CGK.js:387
react-dom.development.js:86 Warning: An error occurred during hydration. The server HTML was replaced with client content in <#document>.
printWarning @ entry.client-EBCX7CGK.js:524
error @ entry.client-EBCX7CGK.js:508
errorHydratingContainer @ entry.client-EBCX7CGK.js:8413
recoverFromConcurrentError @ entry.client-EBCX7CGK.js:18233
performConcurrentWorkOnRoot @ entry.client-EBCX7CGK.js:18184
workLoop @ entry.client-EBCX7CGK.js:200
flushWork @ entry.client-EBCX7CGK.js:179
performWorkUntilDeadline @ entry.client-EBCX7CGK.js:387
entry.client-EBCX7CGK.js:9132 Uncaught Error: Hydration failed because the initial UI does not match what was rendered on the server.
    at throwOnHydrationMismatch (entry.client-EBCX7CGK.js:9132:17)
    at tryToClaimNextHydratableInstance (entry.client-EBCX7CGK.js:9153:15)
    at updateHostComponent (entry.client-EBCX7CGK.js:14365:13)
    at beginWork (entry.client-EBCX7CGK.js:15471:22)
    at beginWork$1 (entry.client-EBCX7CGK.js:19251:22)
    at performUnitOfWork (entry.client-EBCX7CGK.js:18699:20)
    at workLoopConcurrent (entry.client-EBCX7CGK.js:18687:13)
    at renderRootConcurrent (entry.client-EBCX7CGK.js:18662:15)
    at performConcurrentWorkOnRoot (entry.client-EBCX7CGK.js:18178:46)
    at workLoop (entry.client-EBCX7CGK.js:200:42)
throwOnHydrationMismatch @ entry.client-EBCX7CGK.js:9132
tryToClaimNextHydratableInstance @ entry.client-EBCX7CGK.js:9153
updateHostComponent @ entry.client-EBCX7CGK.js:14365
beginWork @ entry.client-EBCX7CGK.js:15471
beginWork$1 @ entry.client-EBCX7CGK.js:19251
performUnitOfWork @ entry.client-EBCX7CGK.js:18699
workLoopConcurrent @ entry.client-EBCX7CGK.js:18687
renderRootConcurrent @ entry.client-EBCX7CGK.js:18662
performConcurrentWorkOnRoot @ entry.client-EBCX7CGK.js:18178
workLoop @ entry.client-EBCX7CGK.js:200
flushWork @ entry.client-EBCX7CGK.js:179
performWorkUntilDeadline @ entry.client-EBCX7CGK.js:387
entry.client-EBCX7CGK.js:9132 Uncaught Error: Hydration failed because the initial UI does not match what was rendered on the server.
    at throwOnHydrationMismatch (entry.client-EBCX7CGK.js:9132:17)
    at tryToClaimNextHydratableInstance (entry.client-EBCX7CGK.js:9153:15)
    at updateHostComponent (entry.client-EBCX7CGK.js:14365:13)
    at beginWork (entry.client-EBCX7CGK.js:15471:22)
    at beginWork$1 (entry.client-EBCX7CGK.js:19251:22)
    at performUnitOfWork (entry.client-EBCX7CGK.js:18699:20)
    at workLoopConcurrent (entry.client-EBCX7CGK.js:18687:13)
    at renderRootConcurrent (entry.client-EBCX7CGK.js:18662:15)
    at performConcurrentWorkOnRoot (entry.client-EBCX7CGK.js:18178:46)
    at workLoop (entry.client-EBCX7CGK.js:200:42)
throwOnHydrationMismatch @ entry.client-EBCX7CGK.js:9132
tryToClaimNextHydratableInstance @ entry.client-EBCX7CGK.js:9153
updateHostComponent @ entry.client-EBCX7CGK.js:14365
beginWork @ entry.client-EBCX7CGK.js:15471
beginWork$1 @ entry.client-EBCX7CGK.js:19251
performUnitOfWork @ entry.client-EBCX7CGK.js:18699
workLoopConcurrent @ entry.client-EBCX7CGK.js:18687
renderRootConcurrent @ entry.client-EBCX7CGK.js:18662
performConcurrentWorkOnRoot @ entry.client-EBCX7CGK.js:18178
workLoop @ entry.client-EBCX7CGK.js:200
flushWork @ entry.client-EBCX7CGK.js:179
performWorkUntilDeadline @ entry.client-EBCX7CGK.js:387
entry.client-EBCX7CGK.js:9132 Uncaught Error: Hydration failed because the initial UI does not match what was rendered on the server.
    at throwOnHydrationMismatch (entry.client-EBCX7CGK.js:9132:17)
    at tryToClaimNextHydratableInstance (entry.client-EBCX7CGK.js:9153:15)
    at updateHostComponent (entry.client-EBCX7CGK.js:14365:13)
    at beginWork (entry.client-EBCX7CGK.js:15471:22)
    at beginWork$1 (entry.client-EBCX7CGK.js:19251:22)
    at performUnitOfWork (entry.client-EBCX7CGK.js:18699:20)
    at workLoopConcurrent (entry.client-EBCX7CGK.js:18687:13)
    at renderRootConcurrent (entry.client-EBCX7CGK.js:18662:15)
    at performConcurrentWorkOnRoot (entry.client-EBCX7CGK.js:18178:46)
    at workLoop (entry.client-EBCX7CGK.js:200:42)
throwOnHydrationMismatch @ entry.client-EBCX7CGK.js:9132
tryToClaimNextHydratableInstance @ entry.client-EBCX7CGK.js:9153
updateHostComponent @ entry.client-EBCX7CGK.js:14365
beginWork @ entry.client-EBCX7CGK.js:15471
beginWork$1 @ entry.client-EBCX7CGK.js:19251
performUnitOfWork @ entry.client-EBCX7CGK.js:18699
workLoopConcurrent @ entry.client-EBCX7CGK.js:18687
renderRootConcurrent @ entry.client-EBCX7CGK.js:18662
performConcurrentWorkOnRoot @ entry.client-EBCX7CGK.js:18178
workLoop @ entry.client-EBCX7CGK.js:200
flushWork @ entry.client-EBCX7CGK.js:179
performWorkUntilDeadline @ entry.client-EBCX7CGK.js:387
entry.client-EBCX7CGK.js:9132 Uncaught Error: Hydration failed because the initial UI does not match what was rendered on the server.
    at throwOnHydrationMismatch (entry.client-EBCX7CGK.js:9132:17)
    at tryToClaimNextHydratableInstance (entry.client-EBCX7CGK.js:9153:15)
    at updateHostComponent (entry.client-EBCX7CGK.js:14365:13)
    at beginWork (entry.client-EBCX7CGK.js:15471:22)
    at beginWork$1 (entry.client-EBCX7CGK.js:19251:22)
    at performUnitOfWork (entry.client-EBCX7CGK.js:18699:20)
    at workLoopConcurrent (entry.client-EBCX7CGK.js:18687:13)
    at renderRootConcurrent (entry.client-EBCX7CGK.js:18662:15)
    at performConcurrentWorkOnRoot (entry.client-EBCX7CGK.js:18178:46)
    at workLoop (entry.client-EBCX7CGK.js:200:42)
throwOnHydrationMismatch @ entry.client-EBCX7CGK.js:9132
tryToClaimNextHydratableInstance @ entry.client-EBCX7CGK.js:9153
updateHostComponent @ entry.client-EBCX7CGK.js:14365
beginWork @ entry.client-EBCX7CGK.js:15471
beginWork$1 @ entry.client-EBCX7CGK.js:19251
performUnitOfWork @ entry.client-EBCX7CGK.js:18699
workLoopConcurrent @ entry.client-EBCX7CGK.js:18687
renderRootConcurrent @ entry.client-EBCX7CGK.js:18662
performConcurrentWorkOnRoot @ entry.client-EBCX7CGK.js:18178
workLoop @ entry.client-EBCX7CGK.js:200
flushWork @ entry.client-EBCX7CGK.js:179
performWorkUntilDeadline @ entry.client-EBCX7CGK.js:387
entry.client-EBCX7CGK.js:14331 Uncaught Error: There was an error while hydrating. Because the error happened outside of a Suspense boundary, the entire root will switch to client rendering.
    at updateHostRoot (entry.client-EBCX7CGK.js:14331:65)
    at beginWork (entry.client-EBCX7CGK.js:15469:22)
    at beginWork$1 (entry.client-EBCX7CGK.js:19251:22)
    at performUnitOfWork (entry.client-EBCX7CGK.js:18699:20)
    at workLoopSync (entry.client-EBCX7CGK.js:18635:13)
    at renderRootSync (entry.client-EBCX7CGK.js:18614:15)
    at recoverFromConcurrentError (entry.client-EBCX7CGK.js:18236:28)
    at performConcurrentWorkOnRoot (entry.client-EBCX7CGK.js:18184:30)
    at workLoop (entry.client-EBCX7CGK.js:200:42)
    at flushWork (entry.client-EBCX7CGK.js:179:22)
updateHostRoot @ entry.client-EBCX7CGK.js:14331
beginWork @ entry.client-EBCX7CGK.js:15469
beginWork$1 @ entry.client-EBCX7CGK.js:19251
performUnitOfWork @ entry.client-EBCX7CGK.js:18699
workLoopSync @ entry.client-EBCX7CGK.js:18635
renderRootSync @ entry.client-EBCX7CGK.js:18614
recoverFromConcurrentError @ entry.client-EBCX7CGK.js:18236
performConcurrentWorkOnRoot @ entry.client-EBCX7CGK.js:18184
workLoop @ entry.client-EBCX7CGK.js:200
flushWork @ entry.client-EBCX7CGK.js:179
performWorkUntilDeadline @ entry.client-EBCX7CGK.js:387
Navigated to http://localhost:3000/
react-dom.development.js:29840 Download the React DevTools for a better development experience: https://reactjs.org/link/react-devtools
react-dom.development.js:86 Warning: Expected server HTML to contain a matching <head> in <html>.
    at head
    at html
    at App
    at RemixRoute (http://localhost:3000/build/_shared/chunk-NQ5VX6CG.js:4177:3)
    at RenderedRoute (http://localhost:3000/build/_shared/chunk-NQ5VX6CG.js:2608:5)
    at RenderErrorBoundary (http://localhost:3000/build/_shared/chunk-NQ5VX6CG.js:2958:9)
    at Routes (http://localhost:3000/build/_shared/chunk-NQ5VX6CG.js:2831:5)
    at Router (http://localhost:3000/build/_shared/chunk-NQ5VX6CG.js:2778:15)
    at RouterProvider (http://localhost:3000/build/_shared/chunk-NQ5VX6CG.js:2729:5)
    at RemixErrorBoundary (http://localhost:3000/build/_shared/chunk-NQ5VX6CG.js:3805:5)
    at RemixBrowser (http://localhost:3000/build/_shared/chunk-NQ5VX6CG.js:5101:55)
printWarning @ react-dom.development.js:86
error @ react-dom.development.js:60
warnForInsertedHydratedElement @ react-dom.development.js:10499
didNotFindHydratableInstance @ react-dom.development.js:11458
warnNonhydratedInstance @ react-dom.development.js:12385
tryToClaimNextHydratableInstance @ react-dom.development.js:12534
updateHostComponent @ react-dom.development.js:19902
beginWork @ react-dom.development.js:21618
beginWork$1 @ react-dom.development.js:27426
performUnitOfWork @ react-dom.development.js:26560
workLoopConcurrent @ react-dom.development.js:26543
renderRootConcurrent @ react-dom.development.js:26505
performConcurrentWorkOnRoot @ react-dom.development.js:25738
workLoop @ scheduler.development.js:266
flushWork @ scheduler.development.js:239
performWorkUntilDeadline @ scheduler.development.js:533
react-dom.development.js:12507 Uncaught Error: Hydration failed because the initial UI does not match what was rendered on the server.
    at throwOnHydrationMismatch (react-dom.development.js:12507:9)
    at tryToClaimNextHydratableInstance (react-dom.development.js:12535:7)
    at updateHostComponent (react-dom.development.js:19902:5)
    at beginWork (react-dom.development.js:21618:14)
    at HTMLUnknownElement.callCallback2 (react-dom.development.js:4164:14)
    at Object.invokeGuardedCallbackDev (react-dom.development.js:4213:16)
    at invokeGuardedCallback (react-dom.development.js:4277:31)
    at beginWork$1 (react-dom.development.js:27451:7)
    at performUnitOfWork (react-dom.development.js:26560:12)
    at workLoopConcurrent (react-dom.development.js:26543:5)
throwOnHydrationMismatch @ react-dom.development.js:12507
tryToClaimNextHydratableInstance @ react-dom.development.js:12535
updateHostComponent @ react-dom.development.js:19902
beginWork @ react-dom.development.js:21618
callCallback2 @ react-dom.development.js:4164
invokeGuardedCallbackDev @ react-dom.development.js:4213
invokeGuardedCallback @ react-dom.development.js:4277
beginWork$1 @ react-dom.development.js:27451
performUnitOfWork @ react-dom.development.js:26560
workLoopConcurrent @ react-dom.development.js:26543
renderRootConcurrent @ react-dom.development.js:26505
performConcurrentWorkOnRoot @ react-dom.development.js:25738
workLoop @ scheduler.development.js:266
flushWork @ scheduler.development.js:239
performWorkUntilDeadline @ scheduler.development.js:533
errorBoundaries.js:70 Error: Hydration failed because the initial UI does not match what was rendered on the server.
    at throwOnHydrationMismatch (react-dom.development.js:12507:9)
    at tryToClaimNextHydratableInstance (react-dom.development.js:12535:7)
    at updateHostComponent (react-dom.development.js:19902:5)
    at beginWork (react-dom.development.js:21618:14)
    at beginWork$1 (react-dom.development.js:27426:14)
    at performUnitOfWork (react-dom.development.js:26560:12)
    at workLoopConcurrent (react-dom.development.js:26543:5)
    at renderRootConcurrent (react-dom.development.js:26505:7)
    at performConcurrentWorkOnRoot (react-dom.development.js:25738:38)
    at workLoop (scheduler.development.js:266:34)
RemixRootDefaultErrorBoundary @ errorBoundaries.js:70
renderWithHooks @ react-dom.development.js:16305
mountIndeterminateComponent @ react-dom.development.js:20074
beginWork @ react-dom.development.js:21587
beginWork$1 @ react-dom.development.js:27426
performUnitOfWork @ react-dom.development.js:26560
workLoopConcurrent @ react-dom.development.js:26543
renderRootConcurrent @ react-dom.development.js:26505
performConcurrentWorkOnRoot @ react-dom.development.js:25738
workLoop @ scheduler.development.js:266
flushWork @ scheduler.development.js:239
performWorkUntilDeadline @ scheduler.development.js:533
errorBoundaries.js:70 Error: Hydration failed because the initial UI does not match what was rendered on the server.
    at throwOnHydrationMismatch (react-dom.development.js:12507:9)
    at tryToClaimNextHydratableInstance (react-dom.development.js:12535:7)
    at updateHostComponent (react-dom.development.js:19902:5)
    at beginWork (react-dom.development.js:21618:14)
    at beginWork$1 (react-dom.development.js:27426:14)
    at performUnitOfWork (react-dom.development.js:26560:12)
    at workLoopConcurrent (react-dom.development.js:26543:5)
    at renderRootConcurrent (react-dom.development.js:26505:7)
    at performConcurrentWorkOnRoot (react-dom.development.js:25738:38)
    at workLoop (scheduler.development.js:266:34)
RemixRootDefaultErrorBoundary @ errorBoundaries.js:70
renderWithHooks @ react-dom.development.js:16305
mountIndeterminateComponent @ react-dom.development.js:20145
beginWork @ react-dom.development.js:21587
beginWork$1 @ react-dom.development.js:27426
performUnitOfWork @ react-dom.development.js:26560
workLoopConcurrent @ react-dom.development.js:26543
renderRootConcurrent @ react-dom.development.js:26505
performConcurrentWorkOnRoot @ react-dom.development.js:25738
workLoop @ scheduler.development.js:266
flushWork @ scheduler.development.js:239
performWorkUntilDeadline @ scheduler.development.js:533
errorBoundaries.js:70 Error: Hydration failed because the initial UI does not match what was rendered on the server.
    at throwOnHydrationMismatch (react-dom.development.js:12507:9)
    at tryToClaimNextHydratableInstance (react-dom.development.js:12535:7)
    at updateHostComponent (react-dom.development.js:19902:5)
    at beginWork (react-dom.development.js:21618:14)
    at beginWork$1 (react-dom.development.js:27426:14)
    at performUnitOfWork (react-dom.development.js:26560:12)
    at workLoopConcurrent (react-dom.development.js:26543:5)
    at renderRootConcurrent (react-dom.development.js:26505:7)
    at performConcurrentWorkOnRoot (react-dom.development.js:25738:38)
    at workLoop (scheduler.development.js:266:34)
RemixRootDefaultErrorBoundary @ errorBoundaries.js:70
renderWithHooks @ react-dom.development.js:16305
mountIndeterminateComponent @ react-dom.development.js:20074
beginWork @ react-dom.development.js:21587
beginWork$1 @ react-dom.development.js:27426
performUnitOfWork @ react-dom.development.js:26560
workLoopConcurrent @ react-dom.development.js:26543
renderRootConcurrent @ react-dom.development.js:26505
performConcurrentWorkOnRoot @ react-dom.development.js:25738
workLoop @ scheduler.development.js:266
flushWork @ scheduler.development.js:239
performWorkUntilDeadline @ scheduler.development.js:533
errorBoundaries.js:70 Error: Hydration failed because the initial UI does not match what was rendered on the server.
    at throwOnHydrationMismatch (react-dom.development.js:12507:9)
    at tryToClaimNextHydratableInstance (react-dom.development.js:12535:7)
    at updateHostComponent (react-dom.development.js:19902:5)
    at beginWork (react-dom.development.js:21618:14)
    at beginWork$1 (react-dom.development.js:27426:14)
    at performUnitOfWork (react-dom.development.js:26560:12)
    at workLoopConcurrent (react-dom.development.js:26543:5)
    at renderRootConcurrent (react-dom.development.js:26505:7)
    at performConcurrentWorkOnRoot (react-dom.development.js:25738:38)
    at workLoop (scheduler.development.js:266:34)
RemixRootDefaultErrorBoundary @ errorBoundaries.js:70
renderWithHooks @ react-dom.development.js:16305
mountIndeterminateComponent @ react-dom.development.js:20145
beginWork @ react-dom.development.js:21587
beginWork$1 @ react-dom.development.js:27426
performUnitOfWork @ react-dom.development.js:26560
workLoopConcurrent @ react-dom.development.js:26543
renderRootConcurrent @ react-dom.development.js:26505
performConcurrentWorkOnRoot @ react-dom.development.js:25738
workLoop @ scheduler.development.js:266
flushWork @ scheduler.development.js:239
performWorkUntilDeadline @ scheduler.development.js:533
react-dom.development.js:86 Warning: An error occurred during hydration. The server HTML was replaced with client content in <#document>.
printWarning @ react-dom.development.js:86
error @ react-dom.development.js:60
errorHydratingContainer @ react-dom.development.js:11473
recoverFromConcurrentError @ react-dom.development.js:25846
performConcurrentWorkOnRoot @ react-dom.development.js:25750
workLoop @ scheduler.development.js:266
flushWork @ scheduler.development.js:239
performWorkUntilDeadline @ scheduler.development.js:533
react-dom.development.js:12507 Uncaught Error: Hydration failed because the initial UI does not match what was rendered on the server.
    at throwOnHydrationMismatch (react-dom.development.js:12507:9)
    at tryToClaimNextHydratableInstance (react-dom.development.js:12535:7)
    at updateHostComponent (react-dom.development.js:19902:5)
    at beginWork (react-dom.development.js:21618:14)
    at beginWork$1 (react-dom.development.js:27426:14)
    at performUnitOfWork (react-dom.development.js:26560:12)
    at workLoopConcurrent (react-dom.development.js:26543:5)
    at renderRootConcurrent (react-dom.development.js:26505:7)
    at performConcurrentWorkOnRoot (react-dom.development.js:25738:38)
    at workLoop (scheduler.development.js:266:34)
throwOnHydrationMismatch @ react-dom.development.js:12507
tryToClaimNextHydratableInstance @ react-dom.development.js:12535
updateHostComponent @ react-dom.development.js:19902
beginWork @ react-dom.development.js:21618
beginWork$1 @ react-dom.development.js:27426
performUnitOfWork @ react-dom.development.js:26560
workLoopConcurrent @ react-dom.development.js:26543
renderRootConcurrent @ react-dom.development.js:26505
performConcurrentWorkOnRoot @ react-dom.development.js:25738
workLoop @ scheduler.development.js:266
flushWork @ scheduler.development.js:239
performWorkUntilDeadline @ scheduler.development.js:533
react-dom.development.js:12507 Uncaught Error: Hydration failed because the initial UI does not match what was rendered on the server.
    at throwOnHydrationMismatch (react-dom.development.js:12507:9)
    at tryToClaimNextHydratableInstance (react-dom.development.js:12535:7)
    at updateHostComponent (react-dom.development.js:19902:5)
    at beginWork (react-dom.development.js:21618:14)
    at beginWork$1 (react-dom.development.js:27426:14)
    at performUnitOfWork (react-dom.development.js:26560:12)
    at workLoopConcurrent (react-dom.development.js:26543:5)
    at renderRootConcurrent (react-dom.development.js:26505:7)
    at performConcurrentWorkOnRoot (react-dom.development.js:25738:38)
    at workLoop (scheduler.development.js:266:34)
throwOnHydrationMismatch @ react-dom.development.js:12507
tryToClaimNextHydratableInstance @ react-dom.development.js:12535
updateHostComponent @ react-dom.development.js:19902
beginWork @ react-dom.development.js:21618
beginWork$1 @ react-dom.development.js:27426
performUnitOfWork @ react-dom.development.js:26560
workLoopConcurrent @ react-dom.development.js:26543
renderRootConcurrent @ react-dom.development.js:26505
performConcurrentWorkOnRoot @ react-dom.development.js:25738
workLoop @ scheduler.development.js:266
flushWork @ scheduler.development.js:239
performWorkUntilDeadline @ scheduler.development.js:533
react-dom.development.js:12507 Uncaught Error: Hydration failed because the initial UI does not match what was rendered on the server.
    at throwOnHydrationMismatch (react-dom.development.js:12507:9)
    at tryToClaimNextHydratableInstance (react-dom.development.js:12535:7)
    at updateHostComponent (react-dom.development.js:19902:5)
    at beginWork (react-dom.development.js:21618:14)
    at beginWork$1 (react-dom.development.js:27426:14)
    at performUnitOfWork (react-dom.development.js:26560:12)
    at workLoopConcurrent (react-dom.development.js:26543:5)
    at renderRootConcurrent (react-dom.development.js:26505:7)
    at performConcurrentWorkOnRoot (react-dom.development.js:25738:38)
    at workLoop (scheduler.development.js:266:34)
throwOnHydrationMismatch @ react-dom.development.js:12507
tryToClaimNextHydratableInstance @ react-dom.development.js:12535
updateHostComponent @ react-dom.development.js:19902
beginWork @ react-dom.development.js:21618
beginWork$1 @ react-dom.development.js:27426
performUnitOfWork @ react-dom.development.js:26560
workLoopConcurrent @ react-dom.development.js:26543
renderRootConcurrent @ react-dom.development.js:26505
performConcurrentWorkOnRoot @ react-dom.development.js:25738
workLoop @ scheduler.development.js:266
flushWork @ scheduler.development.js:239
performWorkUntilDeadline @ scheduler.development.js:533
react-dom.development.js:12507 Uncaught Error: Hydration failed because the initial UI does not match what was rendered on the server.
    at throwOnHydrationMismatch (react-dom.development.js:12507:9)
    at tryToClaimNextHydratableInstance (react-dom.development.js:12535:7)
    at updateHostComponent (react-dom.development.js:19902:5)
    at beginWork (react-dom.development.js:21618:14)
    at beginWork$1 (react-dom.development.js:27426:14)
    at performUnitOfWork (react-dom.development.js:26560:12)
    at workLoopConcurrent (react-dom.development.js:26543:5)
    at renderRootConcurrent (react-dom.development.js:26505:7)
    at performConcurrentWorkOnRoot (react-dom.development.js:25738:38)
    at workLoop (scheduler.development.js:266:34)
throwOnHydrationMismatch @ react-dom.development.js:12507
tryToClaimNextHydratableInstance @ react-dom.development.js:12535
updateHostComponent @ react-dom.development.js:19902
beginWork @ react-dom.development.js:21618
beginWork$1 @ react-dom.development.js:27426
performUnitOfWork @ react-dom.development.js:26560
workLoopConcurrent @ react-dom.development.js:26543
renderRootConcurrent @ react-dom.development.js:26505
performConcurrentWorkOnRoot @ react-dom.development.js:25738
workLoop @ scheduler.development.js:266
flushWork @ scheduler.development.js:239
performWorkUntilDeadline @ scheduler.development.js:533
react-dom.development.js:19849 Uncaught Error: There was an error while hydrating. Because the error happened outside of a Suspense boundary, the entire root will switch to client rendering.
    at updateHostRoot (react-dom.development.js:19849:57)
    at beginWork (react-dom.development.js:21615:14)
    at beginWork$1 (react-dom.development.js:27426:14)
    at performUnitOfWork (react-dom.development.js:26560:12)
    at workLoopSync (react-dom.development.js:26466:5)
    at renderRootSync (react-dom.development.js:26434:7)
    at recoverFromConcurrentError (react-dom.development.js:25850:20)
    at performConcurrentWorkOnRoot (react-dom.development.js:25750:22)
    at workLoop (scheduler.development.js:266:34)
    at flushWork (scheduler.development.js:239:14)
updateHostRoot @ react-dom.development.js:19849
beginWork @ react-dom.development.js:21615
beginWork$1 @ react-dom.development.js:27426
performUnitOfWork @ react-dom.development.js:26560
workLoopSync @ react-dom.development.js:26466
renderRootSync @ react-dom.development.js:26434
recoverFromConcurrentError @ react-dom.development.js:25850
performConcurrentWorkOnRoot @ react-dom.development.js:25750
workLoop @ scheduler.development.js:266
flushWork @ scheduler.development.js:239
performWorkUntilDeadline @ scheduler.development.js:533
